Exporter version: 2.93.5, Blender version: 2.93.5
========= Conversion from Blender to Babylon.js =========
	Scene settings used :
		Inline textures     :  false
		Material Type       :  PBR
		Positions Precision :  4
		Normals Precision   :  3
		UVs Precision       :  3
		Vert Color Precision:  3
		Mat Weight Precision:  2
		Keep Z-up r-handed  :  no
		Texture directory   :  C:\xampp\htdocs\blocks\
	Python World class constructor completed
	WARNING: No active camera has been assigned, or is not in a currently enabled collection
	processing begun of mesh:  I
		processing begun of material:  Material.005
		processing begun of material:  Material.004
		processing begun of material:  Material.006
		processing begun of material:  Material.007
		processing begun of multimaterial:  TetrisBlocks.Multimaterial#0
		num positions      :  116
		num normals        :  116
		num tangents       :  0
		num uvs            :  232
		num uvs2           :  0
		num colors         :  0
		num triangles      :  48
	processing begun of mesh:  J
		processing begun of material:  Material.011
		processing begun of material:  Material.008
		processing begun of material:  Material.009
		processing begun of material:  Material.010
		processing begun of multimaterial:  TetrisBlocks.Multimaterial#1
		num positions      :  116
		num normals        :  116
		num tangents       :  0
		num uvs            :  232
		num uvs2           :  0
		num colors         :  0
		num triangles      :  48
	processing begun of mesh:  L
		processing begun of material:  Material.012
		processing begun of material:  Material.013
		processing begun of material:  Material.014
		processing begun of material:  Material.015
		processing begun of multimaterial:  TetrisBlocks.Multimaterial#2
		num positions      :  116
		num normals        :  116
		num tangents       :  0
		num uvs            :  232
		num uvs2           :  0
		num colors         :  0
		num triangles      :  48
	processing begun of mesh:  O
		processing begun of material:  Material.016
		processing begun of material:  Material.017
		processing begun of material:  Material.018
		processing begun of material:  Material.019
		processing begun of multimaterial:  TetrisBlocks.Multimaterial#3
		num positions      :  116
		num normals        :  116
		num tangents       :  0
		num uvs            :  232
		num uvs2           :  0
		num colors         :  0
		num triangles      :  48
	processing begun of mesh:  Z
		processing begun of material:  Material.020
		processing begun of material:  Material.021
		processing begun of material:  Material.022
		processing begun of material:  Material.023
		processing begun of multimaterial:  TetrisBlocks.Multimaterial#4
		num positions      :  116
		num normals        :  116
		num tangents       :  0
		num uvs            :  232
		num uvs2           :  0
		num colors         :  0
		num triangles      :  48
	processing begun of mesh:  S
		processing begun of material:  Material.024
		processing begun of material:  Material.025
		processing begun of material:  Material.026
		processing begun of material:  Material.027
		processing begun of multimaterial:  TetrisBlocks.Multimaterial#5
		num positions      :  116
		num normals        :  116
		num tangents       :  0
		num uvs            :  232
		num uvs2           :  0
		num colors         :  0
		num triangles      :  48
	processing begun of mesh:  T
		processing begun of material:  Material
		processing begun of material:  Material.001
		processing begun of material:  Material.002
		processing begun of material:  Material.003
		processing begun of multimaterial:  TetrisBlocks.Multimaterial#6
		num positions      :  120
		num normals        :  120
		num tangents       :  0
		num uvs            :  240
		num uvs2           :  0
		num colors         :  0
		num triangles      :  48
========= Writing of JSON file started =========
	writing mesh:  I
	writing mesh:  J
	writing mesh:  L
	writing mesh:  O
	writing mesh:  Z
	writing mesh:  S
	writing mesh:  T
========= Writing of JSON file completed =========
========= end of processing =========
elapsed time:  0 min, 0.0942 secs
